2026-04-14 23:55:15,081 - INFO - [DRY_RUN] Vendor alert: AgriMat Resources
Vendor Insight360 - Alert Monitor
================================
Vendor: AgriMat Resources
Reason: performance_and_compliance

Performance score: 58.8% (threshold 70.0%)
Compliance score : 41.2% (threshold 70.0%)
Overall risk      : 0.0% (threshold 60.0%)

Recommended next step: assign an owner, confirm root cause, and set a 7-day follow-up checkpoint.
2026-04-14 23:55:15,081 - INFO - [DRY_RUN] Vendor alert: TechSphere Solutions
Vendor Insight360 - Alert Monitor
================================
Vendor: TechSphere Solutions
Reason: performance_and_compliance

Performance score: 59.9% (threshold 70.0%)
Compliance score : 40.9% (threshold 70.0%)
Overall risk      : 0.0% (threshold 60.0%)

Recommended next step: assign an owner, confirm root cause, and set a 7-day follow-up checkpoint.
2026-04-14 23:55:15,083 - INFO - [DRY_RUN] Vendor alert: Quality Parts Co
Vendor Insight360 - Alert Monitor
================================
Vendor: Quality Parts Co
Reason: performance_and_compliance

Performance score: 55.4% (threshold 70.0%)
Compliance score : 50.4% (threshold 70.0%)
Overall risk      : 0.0% (threshold 60.0%)

Recommended next step: assign an owner, confirm root cause, and set a 7-day follow-up checkpoint.
2026-04-14 23:55:15,083 - INFO - [DRY_RUN] Vendor alert: ByteWise Solutions
Vendor Insight360 - Alert Monitor
================================
Vendor: ByteWise Solutions
Reason: performance_and_compliance

Performance score: 53.2% (threshold 70.0%)
Compliance score : 54.0% (threshold 70.0%)
Overall risk      : 0.0% (threshold 60.0%)

Recommended next step: assign an owner, confirm root cause, and set a 7-day follow-up checkpoint.
2026-04-14 23:55:15,083 - INFO - [DRY_RUN] Vendor alert: Clarity Consulting
Vendor Insight360 - Alert Monitor
================================
Vendor: Clarity Consulting
Reason: performance_and_compliance

Performance score: 57.7% (threshold 70.0%)
Compliance score : 48.6% (threshold 70.0%)
Overall risk      : 0.0% (threshold 60.0%)

Recommended next step: assign an owner, confirm root cause, and set a 7-day follow-up checkpoint.
2026-04-14 23:55:15,083 - INFO - [DRY_RUN] Vendor alert: NightOwl Logistics
Vendor Insight360 - Alert Monitor
================================
Vendor: NightOwl Logistics
Reason: performance_and_compliance

Performance score: 62.1% (threshold 70.0%)
Compliance score : 43.9% (threshold 70.0%)
Overall risk      : 0.0% (threshold 60.0%)

Recommended next step: assign an owner, confirm root cause, and set a 7-day follow-up checkpoint.
2026-04-14 23:55:15,083 - INFO - [DRY_RUN] Vendor alert: EcoMine Supplies
Vendor Insight360 - Alert Monitor
================================
Vendor: EcoMine Supplies
Reason: performance_and_compliance

Performance score: 59.8% (threshold 70.0%)
Compliance score : 47.2% (threshold 70.0%)
Overall risk      : 0.0% (threshold 60.0%)

Recommended next step: assign an owner, confirm root cause, and set a 7-day follow-up checkpoint.
2026-04-14 23:55:15,083 - INFO - [DRY_RUN] Vendor alert: Axis Strategy Partners
Vendor Insight360 - Alert Monitor
================================
Vendor: Axis Strategy Partners
Reason: performance_and_compliance

Performance score: 57.6% (threshold 70.0%)
Compliance score : 51.4% (threshold 70.0%)
Overall risk      : 0.0% (threshold 60.0%)

Recommended next step: assign an owner, confirm root cause, and set a 7-day follow-up checkpoint.
2026-04-14 23:55:15,083 - INFO - [DRY_RUN] Vendor alert: PinnacleConsult Inc
Vendor Insight360 - Alert Monitor
================================
Vendor: PinnacleConsult Inc
Reason: performance_and_compliance

Performance score: 56.4% (threshold 70.0%)
Compliance score : 54.0% (threshold 70.0%)
Overall risk      : 0.0% (threshold 60.0%)

Recommended next step: assign an owner, confirm root cause, and set a 7-day follow-up checkpoint.
2026-04-14 23:55:15,083 - INFO - [DRY_RUN] Vendor alert: SpeedFreight Inc
Vendor Insight360 - Alert Monitor
================================
Vendor: SpeedFreight Inc
Reason: performance_and_compliance

Performance score: 57.9% (threshold 70.0%)
Compliance score : 52.6% (threshold 70.0%)
Overall risk      : 0.0% (threshold 60.0%)

Recommended next step: assign an owner, confirm root cause, and set a 7-day follow-up checkpoint.
2026-04-14 23:55:15,083 - INFO - [DRY_RUN] Vendor alert: Alpha Advisors
Vendor Insight360 - Alert Monitor
================================
Vendor: Alpha Advisors
Reason: performance_and_compliance

Performance score: 58.4% (threshold 70.0%)
Compliance score : 53.8% (threshold 70.0%)
Overall risk      : 0.0% (threshold 60.0%)

Recommended next step: assign an owner, confirm root cause, and set a 7-day follow-up checkpoint.
2026-04-14 23:55:15,083 - INFO - [DRY_RUN] Vendor alert: AirCargo Express
Vendor Insight360 - Alert Monitor
================================
Vendor: AirCargo Express
Reason: performance_and_compliance

Performance score: 61.4% (threshold 70.0%)
Compliance score : 52.9% (threshold 70.0%)
Overall risk      : 0.0% (threshold 60.0%)

Recommended next step: assign an owner, confirm root cause, and set a 7-day follow-up checkpoint.
2026-04-14 23:55:15,083 - INFO - [DRY_RUN] Vendor alert: HorizonTech Inc
Vendor Insight360 - Alert Monitor
================================
Vendor: HorizonTech Inc
Reason: performance_and_compliance

Performance score: 55.8% (threshold 70.0%)
Compliance score : 65.9% (threshold 70.0%)
Overall risk      : 0.0% (threshold 60.0%)

Recommended next step: assign an owner, confirm root cause, and set a 7-day follow-up checkpoint.
2026-04-14 23:55:15,083 - INFO - [DRY_RUN] Vendor alert: PrecisionForge Ltd
Vendor Insight360 - Alert Monitor
================================
Vendor: PrecisionForge Ltd
Reason: performance_and_compliance

Performance score: 61.1% (threshold 70.0%)
Compliance score : 58.5% (threshold 70.0%)
Overall risk      : 0.0% (threshold 60.0%)

Recommended next step: assign an owner, confirm root cause, and set a 7-day follow-up checkpoint.
2026-04-14 23:55:15,087 - INFO - [DRY_RUN] Vendor alert: GrowthPoint Consulting
Vendor Insight360 - Alert Monitor
================================
Vendor: GrowthPoint Consulting
Reason: performance_and_compliance

Performance score: 56.2% (threshold 70.0%)
Compliance score : 66.6% (threshold 70.0%)
Overall risk      : 0.0% (threshold 60.0%)

Recommended next step: assign an owner, confirm root cause, and set a 7-day follow-up checkpoint.
2026-04-14 23:55:15,087 - INFO - [DRY_RUN] Vendor alert: TrueNorth Consulting
Vendor Insight360 - Alert Monitor
================================
Vendor: TrueNorth Consulting
Reason: performance_and_compliance

Performance score: 63.2% (threshold 70.0%)
Compliance score : 57.6% (threshold 70.0%)
Overall risk      : 0.0% (threshold 60.0%)

Recommended next step: assign an owner, confirm root cause, and set a 7-day follow-up checkpoint.
2026-04-14 23:55:15,087 - INFO - [DRY_RUN] Vendor alert: ProConsult Partners
Vendor Insight360 - Alert Monitor
================================
Vendor: ProConsult Partners
Reason: performance_and_compliance

Performance score: 59.8% (threshold 70.0%)
Compliance score : 63.9% (threshold 70.0%)
Overall risk      : 0.0% (threshold 60.0%)

Recommended next step: assign an owner, confirm root cause, and set a 7-day follow-up checkpoint.
2026-04-14 23:55:15,087 - INFO - [DRY_RUN] Vendor alert: TerraMat Co
Vendor Insight360 - Alert Monitor
================================
Vendor: TerraMat Co
Reason: performance_below_threshold

Performance score: 56.3% (threshold 70.0%)
Compliance score : 74.4% (threshold 70.0%)
Overall risk      : 0.0% (threshold 60.0%)

Recommended next step: assign an owner, confirm root cause, and set a 7-day follow-up checkpoint.
2026-04-14 23:55:15,087 - INFO - [DRY_RUN] Vendor alert: BlueOcean Freight
Vendor Insight360 - Alert Monitor
================================
Vendor: BlueOcean Freight
Reason: performance_and_compliance

Performance score: 65.1% (threshold 70.0%)
Compliance score : 62.5% (threshold 70.0%)
Overall risk      : 0.0% (threshold 60.0%)

Recommended next step: assign an owner, confirm root cause, and set a 7-day follow-up checkpoint.
2026-04-14 23:55:15,087 - INFO - [DRY_RUN] Vendor alert: CatalystIT Systems
Vendor Insight360 - Alert Monitor
================================
Vendor: CatalystIT Systems
Reason: compliance_below_threshold

Performance score: 78.1% (threshold 70.0%)
Compliance score : 61.8% (threshold 70.0%)
Overall risk      : 0.0% (threshold 60.0%)

Recommended next step: assign an owner, confirm root cause, and set a 7-day follow-up checkpoint.
2026-04-14 23:55:15,087 - INFO - [DRY_RUN] Vendor alert: ProMold Manufacturing
Vendor Insight360 - Alert Monitor
================================
Vendor: ProMold Manufacturing
Reason: compliance_below_threshold

Performance score: 76.5% (threshold 70.0%)
Compliance score : 65.5% (threshold 70.0%)
Overall risk      : 0.0% (threshold 60.0%)

Recommended next step: assign an owner, confirm root cause, and set a 7-day follow-up checkpoint.
2026-04-14 23:55:15,087 - INFO - [DRY_RUN] Vendor alert: PureSource Materials
Vendor Insight360 - Alert Monitor
================================
Vendor: PureSource Materials
Reason: compliance_below_threshold

Performance score: 79.5% (threshold 70.0%)
Compliance score : 61.7% (threshold 70.0%)
Overall risk      : 0.0% (threshold 60.0%)

Recommended next step: assign an owner, confirm root cause, and set a 7-day follow-up checkpoint.
2026-04-14 23:55:15,087 - INFO - [DRY_RUN] Vendor alert: PrimeCast Mfg
Vendor Insight360 - Alert Monitor
================================
Vendor: PrimeCast Mfg
Reason: compliance_below_threshold

Performance score: 79.6% (threshold 70.0%)
Compliance score : 62.3% (threshold 70.0%)
Overall risk      : 0.0% (threshold 60.0%)

Recommended next step: assign an owner, confirm root cause, and set a 7-day follow-up checkpoint.
2026-04-14 23:55:15,087 - INFO - [DRY_RUN] Vendor alert: MarbleMat Resources
Vendor Insight360 - Alert Monitor
================================
Vendor: MarbleMat Resources
Reason: compliance_below_threshold

Performance score: 80.2% (threshold 70.0%)
Compliance score : 64.2% (threshold 70.0%)
Overall risk      : 0.0% (threshold 60.0%)

Recommended next step: assign an owner, confirm root cause, and set a 7-day follow-up checkpoint.
2026-04-14 23:55:15,087 - INFO - [DRY_RUN] Vendor alert: Apex Delivery Co
Vendor Insight360 - Alert Monitor
================================
Vendor: Apex Delivery Co
Reason: compliance_below_threshold

Performance score: 82.6% (threshold 70.0%)
Compliance score : 63.2% (threshold 70.0%)
Overall risk      : 0.0% (threshold 60.0%)

Recommended next step: assign an owner, confirm root cause, and set a 7-day follow-up checkpoint.
2026-04-14 23:55:15,087 - INFO - Alerts generated: 25 | sent: 0 | dry_run=True
